97.04.25 12:13 B C:\1\a_info.htm <-- ftp.student.wau.nl /home2/rene/www a_info.htm
97.04.25 12:13 B C:\1\angeliqu.gif <-- ftp.student.wau.nl /home2/rene/www angeliqu.gif
97.04.25 12:13 B C:\1\checkl.htm <-- ftp.student.wau.nl /home2/rene/www checkl.htm
97.04.25 12:14 B C:\1\ethiek.htm <-- ftp.student.wau.nl /home2/rene/www ethiek.htm
97.04.25 12:14 B C:\1\feedb.htm <-- ftp.student.wau.nl /home2/rene/www feedb.htm
97.04.25 12:14 B C:\1\foto.htm <-- ftp.student.wau.nl /home2/rene/www foto.htm
97.04.25 12:14 B C:\1\ideeen.htm <-- ftp.student.wau.nl /home2/rene/www ideeen.htm
97.04.25 12:14 B C:\1\index.htm <-- ftp.student.wau.nl /home2/rene/www index.htm
97.04.25 12:14 B C:\1\kop.htm <-- ftp.student.wau.nl /home2/rene/www kop.htm
97.04.25 12:14 B C:\1\links.htm <-- ftp.student.wau.nl /home2/rene/www links.htm
97.04.25 12:14 B C:\1\mailing.htm <-- ftp.student.wau.nl /home2/rene/www mailing.htm
97.04.25 12:14 B C:\1\menu.htm <-- ftp.student.wau.nl /home2/rene/www menu.htm
97.04.25 12:14 B C:\1\netwc.gif <-- ftp.student.wau.nl /home2/rene/www netwc.gif
97.04.25 12:14 B C:\1\paspoo.htm <-- ftp.student.wau.nl /home2/rene/www paspoo.htm
97.04.25 12:14 B C:\1\relatie2.htm <-- ftp.student.wau.nl /home2/rene/www relatie2.htm
97.04.25 12:14 B C:\1\relatief.htm <-- ftp.student.wau.nl /home2/rene/www relatief.htm
97.04.25 12:14 B C:\1\reneco1.gif <-- ftp.student.wau.nl /home2/rene/www reneco1.gif
97.04.25 12:14 B C:\1\reneco2.htm <-- ftp.student.wau.nl /home2/rene/www reneco2.htm
97.04.25 12:14 B C:\1\vaag.htm <-- ftp.student.wau.nl /home2/rene/www vaag.htm
97.04.25 12:14 B C:\1\waarf.htm <-- ftp.student.wau.nl /home2/rene/www waarf.htm
97.04.25 12:14 B C:\1\wat_is.htm <-- ftp.student.wau.nl /home2/rene/www wat_is.htm
97.04.25 12:14 B C:\1\wieben.htm <-- ftp.student.wau.nl /home2/rene/www wieben.htm
97.04.25 12:14 B C:\1\angeliqu.gif --> ftp.student.wau.nl /home2/rene/www/reneco angeliqu.gif
97.04.25 12:14 B C:\1\checkl.htm --> ftp.student.wau.nl /home2/rene/www/reneco checkl.htm
97.04.25 12:14 B C:\1\ethiek.htm --> ftp.student.wau.nl /home2/rene/www/reneco ethiek.htm
97.04.25 12:14 B C:\1\feedb.htm --> ftp.student.wau.nl /home2/rene/www/reneco feedb.htm
97.04.25 12:14 B C:\1\foto.htm --> ftp.student.wau.nl /home2/rene/www/reneco foto.htm
97.04.25 12:14 B C:\1\ideeen.htm --> ftp.student.wau.nl /home2/rene/www/reneco ideeen.htm
97.04.25 12:14 B C:\1\index.htm --> ftp.student.wau.nl /home2/rene/www/reneco index.htm
97.04.25 12:14 B C:\1\kop.htm --> ftp.student.wau.nl /home2/rene/www/reneco kop.htm
97.04.25 12:14 B C:\1\links.htm --> ftp.student.wau.nl /home2/rene/www/reneco links.htm
97.04.25 12:14 B C:\1\mailing.htm --> ftp.student.wau.nl /home2/rene/www/reneco mailing.htm
97.04.25 12:14 B C:\1\menu.htm --> ftp.student.wau.nl /home2/rene/www/reneco menu.htm
97.04.25 12:14 B C:\1\netwc.gif --> ftp.student.wau.nl /home2/rene/www/reneco netwc.gif
97.04.25 12:14 B C:\1\paspoo.htm --> ftp.student.wau.nl /home2/rene/www/reneco paspoo.htm
97.04.25 12:14 B C:\1\relatie2.htm --> ftp.student.wau.nl /home2/rene/www/reneco relatie2.htm
97.04.25 12:14 B C:\1\relatief.htm --> ftp.student.wau.nl /home2/rene/www/reneco relatief.htm
97.04.25 12:14 B C:\1\reneco1.gif --> ftp.student.wau.nl /home2/rene/www/reneco reneco1.gif
97.04.25 12:14 B C:\1\reneco2.htm --> ftp.student.wau.nl /home2/rene/www/reneco reneco2.htm
97.04.25 12:14 B C:\1\vaag.htm --> ftp.student.wau.nl /home2/rene/www/reneco vaag.htm
97.04.25 12:14 B C:\1\waarf.htm --> ftp.student.wau.nl /home2/rene/www/reneco waarf.htm
97.04.25 12:14 B C:\1\wat_is.htm --> ftp.student.wau.nl /home2/rene/www/reneco wat_is.htm
97.04.25 12:14 B C:\1\wieben.htm --> ftp.student.wau.nl /home2/rene/www/reneco wieben.htm
97.08.29 18:04 B C:\HOMEPAGE\WAU\RENECO\ws_ftp.log <-- ftp.student.wau.nl /home2/rene/www/reneco ws_ftp.log
